2025-07-01 15:55:06,097 - INFO - User Query: What is INSAT-3DR?
2025-07-01 15:55:06,210 - INFO - Result 1: insat_3d \u2192 Meteorological Payload
2025-07-01 15:55:06,211 - INFO - Result 2: insat_3d \u2192 Meteorological Payload
2025-07-01 15:56:45,080 - INFO - User Query: Tell me about the INSAT-3D mission.
2025-07-01 15:56:45,187 - INFO - Result 1: insat_3d \u2192 Meteorological Payload
2025-07-01 16:01:37,750 - INFO - User Query: What is INSAT-3DR and its purpose?
2025-07-01 16:01:37,866 - INFO - Result 1: insat_3d \u2192 Meteorological Payload
2025-07-01 16:01:37,868 - INFO - Result 2: insat_3d \u2192 Meteorological Payload
2025-07-01 16:02:07,400 - INFO - User Query: What is the orbital location of INSAT-3DR?
2025-07-01 16:02:07,583 - INFO - Result 1: insat_3d \u2192 Meteorological Payload
2025-07-01 16:08:15,785 - INFO - User Query: What is the orbital location of INSAT-3DR?
2025-07-01 16:08:15,942 - INFO - Result 1: insat_3d \u2192 Meteorological Payload
2025-07-01 16:10:41,700 - INFO - User Query: What is the orbital location of INSAT-3DR?
2025-07-01 16:10:41,943 - INFO - Result 1: insat_3d \u2192 Meteorological Payload
2025-07-01 16:11:13,607 - INFO - User Query: What is the longitude of INSAT-3DR?
2025-07-01 16:11:13,671 - INFO - Summary Result: insat_3d | full_document
2025-07-01 16:11:13,672 - INFO - Result 1: insat_3d \u2192 Meteorological Payload
2025-07-01 20:03:10,371 - INFO - User Query: What is the longitude of INSAT-3DR?
2025-07-01 20:03:10,485 - INFO - Summary Result: insat_3d | full_document
2025-07-01 20:03:10,487 - INFO - Result 1: insat_3d \u2192 Meteorological Payload
2025-07-01 20:03:48,069 - INFO - User Query: What is MOSDAC?
2025-07-01 20:03:48,177 - WARNING - No result found for query.
2025-07-01 20:03:55,341 - INFO - User Query: What is the longitude of INSAT-3DR?
2025-07-01 20:03:55,451 - INFO - Summary Result: insat_3d | full_document
2025-07-01 20:03:55,453 - INFO - Result 1: insat_3d \u2192 Meteorological Payload
2025-07-01 20:21:41,387 - INFO - User Query: What is the longitude of INSAT-3DR?
2025-07-01 20:21:41,523 - INFO - Summary Result: insat_3d | full_document
2025-07-01 20:21:41,527 - INFO - Result 1: insat_3d \u2192 Meteorological Payload
2025-07-01 20:26:07,119 - INFO - User Query: What is MOSDAC?
2025-07-01 20:26:07,203 - WARNING - No result found for query.
2025-07-01 20:26:15,459 - INFO - User Query: Tell me about the INSAT-3D mission.
2025-07-01 20:26:15,545 - INFO - Result 1: insat_3d \u2192 Meteorological Payload
2025-07-01 20:26:34,249 - INFO - User Query: What is the longitude of INSAT-3DR?
2025-07-01 20:26:34,336 - INFO - Summary Result: insat_3d | full_document
2025-07-01 20:26:34,337 - INFO - Result 1: insat_3d \u2192 Meteorological Payload
2025-07-01 20:27:20,265 - INFO - User Query: documents
2025-07-01 20:27:20,345 - WARNING - No result found for query.
2025-07-01 20:27:31,445 - INFO - User Query: Documents 
2025-07-01 20:27:31,542 - WARNING - No result found for query.
2025-07-01 20:27:46,621 - INFO - User Query: Documents 
2025-07-01 20:27:46,712 - WARNING - No result found for query.
2025-07-01 20:27:52,647 - INFO - User Query: Payload
2025-07-01 20:27:52,749 - WARNING - No result found for query.
2025-07-01 20:28:06,039 - INFO - User Query: Payload of Insat_3dr
2025-07-01 20:28:06,125 - WARNING - No result found for query.
2025-07-01 20:28:53,676 - INFO - User Query: Communication Payload
2025-07-01 20:28:53,744 - INFO - Result 1: insat_3dr \u2192 **Communication Payload**
2025-07-01 20:42:24,655 - INFO - User Query: SARAL
2025-07-01 20:42:24,723 - WARNING - No result found for query.
2025-07-01 20:43:08,466 - INFO - User Query: cyclone_amphan
2025-07-01 20:43:08,514 - WARNING - No result found for query.
2025-07-01 20:43:41,689 - INFO - User Query: mosdac-data-guidelines
2025-07-01 20:43:41,744 - WARNING - No result found for query.
2025-07-01 20:43:51,396 - INFO - User Query: What is INSAT-3DR
2025-07-01 20:43:51,558 - INFO - Result 1: insat_3d \u2192 Meteorological Payload
2025-07-01 20:43:51,560 - INFO - Result 2: insat_3d \u2192 Meteorological Payload
2025-07-01 20:50:47,553 - INFO - User Query:  Introduction
2025-07-01 20:50:47,642 - WARNING - No result found for query.
2025-07-01 20:50:58,667 - INFO - User Query:  Introduction of insat-3dr
2025-07-01 20:50:58,728 - INFO - Result 1: insat_3d \u2192 Meteorological Payload
2025-07-01 20:50:58,730 - INFO - Result 2: insat_3d \u2192 Meteorological Payload
2025-07-01 20:56:17,632 - INFO - User Query: Meteorological Payload
2025-07-01 20:56:17,852 - INFO - Result 1: insat_3dr \u2192 **Communication Payload**
2025-07-01 20:56:34,708 - INFO - User Query: Communication Payload
2025-07-01 20:56:34,798 - INFO - Result 1: insat_3dr \u2192 **Communication Payload**
2025-07-01 20:57:07,364 - INFO - User Query: INSAT-3D References
2025-07-01 20:57:07,484 - INFO - Result 1: insat_3dr \u2192 INSAT-3DR References
2025-07-01 20:57:07,486 - INFO - Result 2: insat_3d \u2192 INSAT-3D References
2025-07-01 20:58:20,647 - INFO - User Query: insat_3dr reference
2025-07-01 20:58:20,868 - WARNING - No result found for query.
2025-07-01 20:58:23,710 - INFO - User Query: insat_3dr references
2025-07-01 20:58:23,860 - INFO - Result 1: insat_3dr \u2192 INSAT-3DR References
2025-07-05 09:25:48,591 - INFO - User Query: Tell me about the INSAT-3D mission.
2025-07-05 09:25:48,836 - WARNING - No result found for query.
2025-07-05 09:26:00,113 - INFO - User Query: Introduction
2025-07-05 09:26:00,189 - WARNING - No result found for query.
2025-07-05 09:26:11,334 - INFO - User Query: insat-3d
2025-07-05 09:26:11,401 - WARNING - No result found for query.
2025-07-05 09:26:23,705 - INFO - User Query: What is INSAT-3DR?
2025-07-05 09:26:23,780 - WARNING - No result found for query.
2025-07-05 09:26:43,633 - INFO - User Query: Objectives
2025-07-05 09:26:43,694 - WARNING - No result found for query.
2025-07-05 09:34:06,309 - INFO - User Query: Tell me about the INSAT-3D mission.
2025-07-05 09:34:06,503 - INFO - Result 1: insat_3dr (static) \u2192 Introduction
2025-07-05 09:34:06,507 - INFO - Result 2: insat_3d (static) \u2192 Introduction
2025-07-05 09:34:06,513 - INFO - Result 3: insat_3dr (static) \u2192 INSAT-3DR
2025-07-05 09:34:06,517 - INFO - Result 4: insat_3dr (static) \u2192 Payloads
2025-07-05 09:34:06,521 - INFO - Result 5: insat_3d (static) \u2192 Payloads
2025-07-05 09:57:43,684 - INFO - User Query: Tell me about the INSAT-3D mission.
2025-07-05 09:57:43,762 - INFO - Result 1: insat_3dr (static) \u2192 Introduction
2025-07-05 09:57:43,764 - INFO - Result 2: insat_3d (static) \u2192 Introduction
2025-07-05 09:57:43,766 - INFO - Result 3: insat_3dr (static) \u2192 INSAT-3DR
2025-07-05 09:57:43,770 - INFO - Result 4: insat_3dr (static) \u2192 Payloads
2025-07-05 09:57:43,774 - INFO - Result 5: insat_3d (static) \u2192 Payloads
2025-07-05 09:58:52,266 - INFO - User Query: Objectives of insat-3d
2025-07-05 09:58:52,330 - INFO - Result 1: insat_3d (static) \u2192 Introduction
2025-07-05 09:58:52,332 - INFO - Result 2: insat_3dr (static) \u2192 INSAT-3DR
2025-07-05 09:58:52,335 - INFO - Result 3: insat_3dr (static) \u2192 Introduction
2025-07-05 09:58:52,338 - INFO - Result 4: insat_3dr (static) \u2192 Payloads
2025-07-05 09:58:52,341 - INFO - Result 5: insat_3d (static) \u2192 Payloads
2025-07-05 09:59:41,694 - INFO - User Query: Spacecraft of insat-3d
2025-07-05 09:59:41,753 - INFO - Result 1: insat_3d (static) \u2192 Introduction
2025-07-05 09:59:41,754 - INFO - Result 2: insat_3dr (static) \u2192 Introduction
2025-07-05 09:59:41,754 - INFO - Result 3: insat_3dr (static) \u2192 Payloads
2025-07-05 09:59:41,755 - INFO - Result 4: insat_3dr (static) \u2192 INSAT-3DR
2025-07-05 09:59:41,755 - INFO - Result 5: insat_3d (static) \u2192 Payloads
2025-07-05 10:00:01,066 - INFO - User Query: objectives of insat-3d
2025-07-05 10:00:01,115 - INFO - Result 1: insat_3d (static) \u2192 Introduction
2025-07-05 10:00:01,116 - INFO - Result 2: insat_3dr (static) \u2192 INSAT-3DR
2025-07-05 10:00:01,116 - INFO - Result 3: insat_3dr (static) \u2192 Introduction
2025-07-05 10:00:01,117 - INFO - Result 4: insat_3dr (static) \u2192 Payloads
2025-07-05 10:00:01,118 - INFO - Result 5: insat_3d (static) \u2192 Payloads
2025-07-05 10:00:09,182 - INFO - User Query: What is the longitude of INSAT-3DR?
2025-07-05 10:00:09,241 - INFO - Result 1: insat_3dr (static) \u2192 INSAT-3DR
2025-07-05 10:00:09,242 - INFO - Result 2: insat_3d (static) \u2192 Introduction
2025-07-05 10:00:09,242 - INFO - Result 3: insat_3d (static) \u2192 Payloads
2025-07-05 10:00:09,243 - INFO - Result 4: insat_3dr (static) \u2192 Orbital Location
2025-07-05 10:00:09,244 - INFO - Result 5: insat_3dr (static) \u2192 Payloads
2025-07-05 10:00:19,536 - INFO - User Query: What is INSAT-3DR
2025-07-05 10:00:19,585 - INFO - Result 1: insat_3dr (static) \u2192 Introduction
2025-07-05 10:00:19,586 - INFO - Result 2: insat_3dr (static) \u2192 INSAT-3DR
2025-07-05 10:00:19,587 - INFO - Result 3: insat_3d (static) \u2192 Introduction
2025-07-05 10:00:19,587 - INFO - Result 4: insat_3dr (static) \u2192 Payloads
2025-07-05 10:00:19,588 - INFO - Result 5: insat_3d (static) \u2192 Payloads
2025-07-05 10:00:27,383 - INFO - User Query: What is MOSDAC?
2025-07-05 10:00:27,430 - INFO - Summary Result: List%20of%20DOI-final-flash.pdf | full_document
2025-07-05 10:00:27,431 - INFO - Summary Result: mosdac-data-guidelines_english.pdf | full_document
2025-07-05 10:01:58,874 - INFO - User Query: What are the objectives of the INSAT-3DR satellite?
2025-07-05 10:01:58,919 - INFO - Result 1: insat_3dr (static) \u2192 INSAT-3DR
2025-07-05 10:01:58,919 - INFO - Result 2: insat_3d (static) \u2192 Introduction
2025-07-05 10:01:58,920 - INFO - Result 3: insat_3dr (static) \u2192 Introduction
2025-07-05 10:01:58,921 - INFO - Result 4: insat_3dr (static) \u2192 Payloads
2025-07-05 10:01:58,921 - INFO - Result 5: insat_3d (static) \u2192 Payloads
2025-07-05 10:02:27,686 - INFO - User Query: What is the function of the INSAT-3D imager?
2025-07-05 10:02:27,745 - INFO - Result 1: insat_3dr (static) \u2192 Introduction
2025-07-05 10:02:27,746 - INFO - Result 2: insat_3dr (static) \u2192 INSAT-3DR
2025-07-05 10:02:27,747 - INFO - Result 3: insat_3d (static) \u2192 Payloads
2025-07-05 10:02:27,748 - INFO - Result 4: insat_3dr (static) \u2192 Payloads
2025-07-05 10:03:02,474 - INFO - User Query: What are the communication components of INSAT-3DR?
2025-07-05 10:03:02,535 - INFO - Result 1: insat_3dr (static) \u2192 INSAT-3DR
2025-07-05 10:03:02,536 - INFO - Result 2: insat_3dr (static) \u2192 Introduction
2025-07-05 10:03:02,537 - INFO - Result 3: insat_3d (static) \u2192 Introduction
2025-07-05 10:03:02,538 - INFO - Result 4: insat_3d (static) \u2192 Payloads
2025-07-05 10:03:02,539 - INFO - Result 5: insat_3dr (static) \u2192 Payloads
2025-07-05 10:13:35,364 - INFO - User Query: What are the communication components of INSAT-3DR?
2025-07-05 10:13:35,473 - INFO - Result 1: insat_3dr (static) \u2192 INSAT-3DR
2025-07-05 10:13:35,474 - INFO - Result 2: insat_3dr (static) \u2192 Introduction
2025-07-05 10:13:35,474 - INFO - Result 3: insat_3d (static) \u2192 Introduction
2025-07-05 10:13:35,475 - INFO - Result 4: insat_3d (static) \u2192 Payloads
2025-07-05 10:13:35,475 - INFO - Result 5: insat_3dr (static) \u2192 Payloads
2025-07-05 10:15:07,822 - INFO - User Query: Documents
2025-07-05 10:15:07,885 - WARNING - No result found for query.
2025-07-05 10:15:16,610 - INFO - User Query: Documents of insat-3d
2025-07-05 10:15:16,679 - INFO - Result 1: insat_3d (static) \u2192 Documents
2025-07-05 10:15:16,681 - INFO - Result 2: insat_3dr (static) \u2192 Documents
2025-07-05 10:15:16,683 - INFO - Result 3: insat_3d (static) \u2192 Introduction
2025-07-05 10:15:16,685 - INFO - Result 4: insat_3dr (static) \u2192 INSAT-3DR
2025-07-05 10:15:16,687 - INFO - Result 5: insat_3dr (static) \u2192 Payloads
2025-07-05 10:15:33,130 - INFO - User Query: payloads of insat-3d
2025-07-05 10:15:33,199 - INFO - Result 1: insat_3dr (static) \u2192 Introduction
2025-07-05 10:15:33,202 - INFO - Result 2: insat_3d (static) \u2192 Introduction
2025-07-05 10:15:33,205 - INFO - Result 3: insat_3dr (static) \u2192 INSAT-3DR
2025-07-05 10:15:33,208 - INFO - Result 4: insat_3dr (static) \u2192 Payloads
2025-07-05 10:15:33,211 - INFO - Result 5: insat_3d (static) \u2192 Payloads
2025-07-05 11:02:39,186 - INFO - User Query: What is INSAT-3DR
2025-07-05 11:02:39,259 - INFO - Result 1: insat_3dr (static) \u2192 Introduction
2025-07-05 11:02:39,262 - INFO - Result 2: insat_3dr (static) \u2192 INSAT-3DR
2025-07-05 11:02:39,263 - INFO - Result 3: insat_3d (static) \u2192 Introduction
2025-07-05 11:02:39,265 - INFO - Result 4: insat_3dr (static) \u2192 Payloads
2025-07-05 11:02:39,269 - INFO - Result 5: insat_3d (static) \u2192 Payloads
2025-07-05 11:02:56,467 - INFO - User Query: What is the longitude of INSAT-3DR?
2025-07-05 11:02:56,530 - INFO - Result 1: insat_3dr (static) \u2192 INSAT-3DR
2025-07-05 11:02:56,533 - INFO - Result 2: insat_3d (static) \u2192 Introduction
2025-07-05 11:02:56,535 - INFO - Result 3: insat_3d (static) \u2192 Payloads
2025-07-05 11:02:56,537 - INFO - Result 4: insat_3dr (static) \u2192 Orbital Location
2025-07-05 11:02:56,539 - INFO - Result 5: insat_3dr (static) \u2192 Payloads
2025-07-05 11:05:01,467 - INFO - User Query: Panda
2025-07-05 11:05:01,522 - WARNING - No result found for query.
2025-07-05 11:24:33,200 - INFO - User Query: What is INSAT-3DR
2025-07-05 11:24:33,417 - INFO - Result 1: insat_3dr (static) \u2192 Introduction
2025-07-05 11:24:33,421 - INFO - Result 2: insat_3dr (static) \u2192 INSAT-3DR
2025-07-05 11:24:33,426 - INFO - Result 3: insat_3d (static) \u2192 Introduction
2025-07-05 11:24:33,430 - INFO - Result 4: insat_3dr (static) \u2192 Payloads
2025-07-05 11:24:33,437 - INFO - Result 5: insat_3d (static) \u2192 Meteorological Payload:
2025-07-05 11:24:52,425 - INFO - User Query: What is the longitude of INSAT-3DR?
2025-07-05 11:24:52,519 - INFO - Result 1: insat_3dr (static) \u2192 INSAT-3DR
2025-07-05 11:24:52,523 - INFO - Result 2: insat_3d (static) \u2192 Introduction
2025-07-05 11:24:52,527 - INFO - Result 3: insat_3d (static) \u2192 Meteorological Payload:
2025-07-05 11:24:52,532 - INFO - Result 4: insat_3dr (static) \u2192 Orbital Location
2025-07-05 11:24:52,536 - INFO - Result 5: insat_3dr (static) \u2192 Payloads
2025-07-05 11:25:07,210 - INFO - User Query:  INSAT-3DR?
2025-07-05 11:25:07,304 - INFO - Result 1: insat_3dr (static) \u2192 Introduction
2025-07-05 11:25:07,309 - INFO - Result 2: insat_3dr (static) \u2192 INSAT-3DR
2025-07-05 11:25:07,313 - INFO - Result 3: insat_3d (static) \u2192 Payloads
2025-07-05 11:25:07,317 - INFO - Result 4: insat_3dr (static) \u2192 Payloads
2025-07-05 11:25:07,320 - INFO - Result 5: insat_3d (static) \u2192 Meteorological Payload:
2025-07-05 11:25:29,484 - INFO - User Query:  
2025-07-05 11:25:29,615 - INFO - Summary Result: INSAT_Product_Version_information_V01.pdf | full_document
2025-07-05 11:25:53,855 - INFO - User Query:  Study of Monsoon Onset over Kerala during 2024 using satellite observations
2025-07-05 11:25:53,934 - INFO - Summary Result: Onset%20Prediction%202024.pdf | full_document
2025-07-05 11:25:53,939 - INFO - Summary Result: Onset%20Prediction%202023.pdf | full_document
2025-07-05 11:25:53,943 - INFO - Summary Result: decade-mosdacpdf_0.pdf | full_document
2025-07-05 11:26:54,309 - INFO - User Query:  observations
2025-07-05 11:26:54,378 - WARNING - No result found for query.
2025-07-05 11:27:06,804 - INFO - User Query:  observationsWhat is INSAT-3DR
2025-07-05 11:27:06,883 - INFO - Result 1: insat_3dr (static) \u2192 INSAT-3DR
2025-07-05 11:27:06,885 - INFO - Result 2: insat_3dr (static) \u2192 Introduction
2025-07-05 11:27:06,889 - INFO - Result 3: insat_3d (static) \u2192 Introduction
2025-07-05 11:27:06,892 - INFO - Result 4: insat_3dr (static) \u2192 Payloads
2025-07-05 11:27:06,895 - INFO - Result 5: insat_3d (static) \u2192 Meteorological Payload:
2025-07-05 11:49:11,009 - INFO - User Query: What is MOSDAC?
2025-07-05 11:49:11,078 - WARNING - No result found for query.
2025-07-05 11:49:22,901 - INFO - User Query: What is INSAT-3DR?
2025-07-05 11:49:22,968 - INFO - Result 1: insat_3dr (static) \u2192 INSAT-3DR
2025-07-05 11:49:22,970 - INFO - Result 2: insat_3dr (static) \u2192 Introduction
2025-07-05 11:49:22,973 - INFO - Result 3: insat_3d (static) \u2192 Introduction
2025-07-05 11:49:22,975 - INFO - Result 4: insat_3d (static) \u2192 Payloads
2025-07-05 11:49:22,978 - INFO - Result 5: insat_3d (static) \u2192 Meteorological Payload:
2025-07-08 12:29:47,535 - INFO - User Query: What is MOSDAC?
2025-07-08 12:29:47,731 - WARNING - No result found for query.
2025-07-08 12:42:49,456 - INFO - User Query: What is MOSDAC?
2025-07-08 12:42:49,710 - INFO - Result 1: 01_about_mosdac (static) \u2192 MOSDAC Overview
2025-07-08 12:42:49,714 - INFO - Result 2: 01_about_mosdac (static) \u2192 Official Portal
2025-07-08 12:42:49,719 - INFO - Result 3: 01_about_mosdac (static) \u2192 Mission and Purpose
2025-07-08 13:07:33,881 - INFO - User Query: What is MOSDAC?
2025-07-08 13:07:34,047 - INFO - Result 1: 11_mosdac_other_services (static) \u2192 Additional Services Offered by MOSDAC - User Feedback and Support
2025-07-08 13:07:34,048 - INFO - Result 2: 01_about_mosdac (static) \u2192 MOSDAC Overview
2025-07-08 13:07:34,050 - INFO - Result 3: 04_data_access_types (static) \u2192 Data Access Methods on MOSDAC
2025-07-08 13:07:34,052 - INFO - Result 4: 11_mosdac_other_services (static) \u2192 Additional Services Offered by MOSDAC
2025-07-08 13:07:34,055 - INFO - Result 5: 02_user_registration (static) \u2192 User Registration on MOSDAC
2025-07-08 13:07:56,742 - INFO - User Query: Tell me about the INSAT-3D mission.
2025-07-08 13:07:56,820 - INFO - Result 1: 16_satellite_insat-3d (static) \u2192 INSAT-3D - Overview
2025-07-08 13:07:56,822 - INFO - Result 2: 06_insat_3d_3dr (static) \u2192 INSAT-3D and INSAT-3DR Missions Overview
2025-07-08 13:07:56,825 - INFO - Result 3: 17_satellite_insat-3dr (static) \u2192 INSAT-3DR - Overview
2025-07-08 13:07:56,827 - INFO - Result 4: 09_data_product_sounder (static) \u2192 Sounder-Derived Data Products from INSAT-3D and INSAT-3DR
2025-07-08 13:08:19,014 - INFO - User Query: What is INSAT-3DR?
2025-07-08 13:08:19,095 - INFO - Result 1: 16_satellite_insat-3d (static) \u2192 INSAT-3D - Overview
2025-07-08 13:08:19,098 - INFO - Result 2: 17_satellite_insat-3dr (static) \u2192 INSAT-3DR - Overview
2025-07-08 13:08:19,100 - INFO - Result 3: 09_data_product_sounder (static) \u2192 Sounder-Derived Data Products from INSAT-3D and INSAT-3DR
2025-07-08 13:08:19,101 - INFO - Result 4: 06_insat_3d_3dr (static) \u2192 INSAT-3D and INSAT-3DR Missions Overview
2025-07-08 13:08:19,105 - INFO - Result 5: 17_satellite_insat-3dr (static) \u2192 INSAT-3DR - Contributions
2025-07-08 13:09:25,000 - INFO - User Query: How do I register on the MOSDAC portal?
2025-07-08 13:09:25,045 - INFO - Result 1: 02_user_registration (static) \u2192 User Registration on MOSDAC - How to Register (Sign Up)
2025-07-08 13:09:25,046 - INFO - Result 2: 02_user_registration (static) \u2192 User Registration on MOSDAC
2025-07-08 13:09:25,046 - INFO - Result 3: 01_about_mosdac (static) \u2192 Official Portal
2025-07-08 13:09:25,047 - INFO - Result 4: 02_user_registration (static) \u2192 User Registration on MOSDAC - Why Register?
2025-07-08 13:09:25,049 - INFO - Result 5: 03_login_password_help (static) \u2192 Login and Password Issues on MOSDAC - Forgot Password
2025-07-08 13:10:52,060 - INFO - User Query: What is the Satellite Data Catalog in MOSDAC?
2025-07-08 13:10:52,121 - INFO - Result 1: 05_satellite_data_catalog (static) \u2192 Satellite Data Catalog on MOSDAC
2025-07-08 13:10:52,121 - INFO - Result 2: 05_satellite_data_catalog (static) \u2192 Satellite Data Catalog on MOSDAC - How to Explore the Catalog
2025-07-08 13:10:52,122 - INFO - Result 3: 01_about_mosdac (static) \u2192 Mission and Purpose
2025-07-08 13:10:52,122 - INFO - Result 4: 01_about_mosdac (static) \u2192 Official Portal
2025-07-08 13:10:52,123 - INFO - Result 5: 04_data_access_types (static) \u2192 Data Access Methods on MOSDAC - 2. Registered User Access
2025-07-08 13:11:11,752 - INFO - User Query: What is the function of the sounder on INSAT-3DR?
2025-07-08 13:11:11,803 - INFO - Result 1: 09_data_product_sounder (static) \u2192 Sounder-Derived Data Products from INSAT-3D and INSAT-3DR
2025-07-08 13:11:33,043 - INFO - User Query: When was Oceansat-2 launched?
2025-07-08 13:11:33,092 - INFO - Result 1: 14_satellite_oceansat-2 (static) \u2192 OCEANSAT-2 - Overview
2025-07-08 13:11:33,092 - INFO - Result 2: 18_satellite_oceansat-3_eos-06 (static) \u2192 OCEANSAT-3 (EOS-06) - Overview
2025-07-08 13:11:33,093 - INFO - Result 3: 14_satellite_oceansat-2 (static) \u2192 OCEANSAT-2 - Contributions
2025-07-08 13:11:33,093 - INFO - Result 4: 07_oceansat_missions (static) \u2192 Oceansat Series Overview
2025-07-08 13:11:33,094 - INFO - Result 5: 15_satellite_scatsat-1 (static) \u2192 SCATSAT-1 (Scatterometer Satellite-1) - Contributions
2025-07-08 13:13:19,176 - INFO - User Query: How can I contact the MOSDAC team?
2025-07-08 13:13:19,232 - INFO - Result 1: 02_user_registration (static) \u2192 User Registration on MOSDAC - How to Register (Sign Up)
2025-07-08 13:13:19,233 - INFO - Result 2: 12_mosdac_contact_info (static) \u2192 Contact and Support Information
2025-07-08 13:13:19,234 - INFO - Result 3: 02_user_registration (static) \u2192 User Registration on MOSDAC
2025-07-08 13:13:19,234 - INFO - Result 4: 01_about_mosdac (static) \u2192 MOSDAC Overview
2025-07-08 13:13:19,235 - INFO - Result 5: 12_mosdac_contact_info (static) \u2192 Contact and Support Information - Postal Address
2025-07-08 13:13:38,873 - INFO - User Query: Which satellite uses a geostationary orbit and which uses a sun-synchronous orbit?
2025-07-08 13:13:38,913 - WARNING - No result found for query.
2025-07-08 13:18:43,379 - INFO - User Query: What is the longitude of INSAT-3DR?
2025-07-08 13:18:43,464 - INFO - Result 1: 16_satellite_insat-3d (static) \u2192 INSAT-3D - Overview
2025-07-08 13:18:43,466 - INFO - Result 2: 09_data_product_sounder (static) \u2192 Sounder-Derived Data Products from INSAT-3D and INSAT-3DR
2025-07-08 13:18:43,470 - INFO - Result 3: 17_satellite_insat-3dr (static) \u2192 INSAT-3DR - Overview
2025-07-08 13:18:43,473 - INFO - Result 4: 06_insat_3d_3dr (static) \u2192 INSAT-3D and INSAT-3DR Missions Overview
2025-07-08 13:18:43,476 - INFO - Result 5: 17_satellite_insat-3dr (static) \u2192 INSAT-3DR - Contributions
2025-07-08 15:54:59,214 - INFO - User Query: What is MOSDAC?
2025-07-08 15:54:59,384 - INFO - Result 1: 01_mosdac_overview (static) \u2192 MOSDAC Overview - What is MOSDAC?
2025-07-08 15:54:59,390 - INFO - Result 2: 24_mosdac_services_rss_tools (static) \u2192 MOSDAC Services: RSS Feeds and Software Tools
2025-07-08 15:54:59,391 - INFO - Result 3: 03_user_registration_process (static) \u2192 User Registration on MOSDAC Portal - Overview
2025-07-08 15:54:59,393 - INFO - Result 4: 08_data_formats_software (static) \u2192 MOSDAC File Formats and Recommended Tools - Conclusion
2025-07-08 15:54:59,395 - INFO - Result 5: 07_data_processing_levels (static) \u2192 MOSDAC Data Processing Levels - Summary
2025-07-08 15:55:19,342 - INFO - User Query: What is INSAT-3DR
2025-07-08 15:55:19,488 - INFO - Result 1: 13_satellite_insat-3dr_details (static) \u2192 INSAT-3DR: Enhanced Geostationary Meteorological Satellite for Continuity - Mission Overview
2025-07-08 15:55:19,490 - INFO - Result 2: 12_satellite_insat-3d_details (static) \u2192 INSAT-3D: India's Advanced Geostationary Meteorological Satellite - Mission Overview
2025-07-08 15:55:19,492 - INFO - Result 3: 26_satellite_insat-3a_details (static) \u2192 INSAT-3A: A Multi-Purpose Geostationary Satellite with Meteorological Payloads - Mission Overview
2025-07-08 15:55:19,496 - INFO - Result 4: 13_satellite_insat-3dr_details (static) \u2192 INSAT-3DR: Enhanced Geostationary Meteorological Satellite for Continuity - Key Objectives and Contributions
2025-07-08 16:00:32,276 - INFO - User Query: What is MOSDAC?
2025-07-08 16:00:32,386 - INFO - Result 1: 01_mosdac_overview (static) \u2192 MOSDAC Overview - What is MOSDAC?
2025-07-08 16:00:32,389 - INFO - Result 2: 24_mosdac_services_rss_tools (static) \u2192 MOSDAC Services: RSS Feeds and Software Tools
2025-07-08 16:00:32,394 - INFO - Result 3: 03_user_registration_process (static) \u2192 User Registration on MOSDAC Portal - Overview
2025-07-08 16:00:32,395 - INFO - Result 4: 08_data_formats_software (static) \u2192 MOSDAC File Formats and Recommended Tools - Conclusion
2025-07-08 16:00:32,410 - INFO - Result 5: 07_data_processing_levels (static) \u2192 MOSDAC Data Processing Levels - Summary
2025-07-08 16:00:48,381 - INFO - User Query: What is MOSDAC?
2025-07-08 16:00:48,621 - INFO - Result 1: 01_mosdac_overview (static) \u2192 MOSDAC Overview - What is MOSDAC?
2025-07-08 16:00:48,622 - INFO - Result 2: 24_mosdac_services_rss_tools (static) \u2192 MOSDAC Services: RSS Feeds and Software Tools
2025-07-08 16:00:48,668 - INFO - Result 3: 03_user_registration_process (static) \u2192 User Registration on MOSDAC Portal - Overview
2025-07-08 16:00:48,668 - INFO - Result 4: 08_data_formats_software (static) \u2192 MOSDAC File Formats and Recommended Tools - Conclusion
2025-07-08 16:00:48,672 - INFO - Result 5: 07_data_processing_levels (static) \u2192 MOSDAC Data Processing Levels - Summary
2025-07-08 16:21:43,641 - INFO - User Query: What is MOSDAC?
2025-07-08 16:21:43,957 - INFO - Best Result: 01_mosdac_overview (static) \u2192 MOSDAC Overview - What is MOSDAC?
2025-07-08 16:22:12,540 - INFO - User Query: Tell me about the INSAT-3D mission.
2025-07-08 16:22:12,789 - INFO - Best Result: 12_satellite_insat-3d_details (static) \u2192 INSAT-3D: India's Advanced Geostationary Meteorological Satellite - Mission Overview
2025-07-08 16:35:20,219 - INFO - User Query: What is MOSDAC?
2025-07-08 16:37:44,654 - INFO - User Query: Tell me about the INSAT-3D mission.
2025-07-08 16:37:44,780 - INFO - Result 1: 12_satellite_insat-3d_details (static) \u2192 INSAT-3D: India's Advanced Geostationary Meteorological Satellite - Mission Overview
2025-07-08 16:57:12,698 - INFO - User Query: What is MOSDAC?
2025-07-08 16:57:12,937 - INFO - Result 1: 01_mosdac_overview (static) \u2192 MOSDAC Overview - What is MOSDAC?
2025-07-08 16:58:22,288 - INFO - User Query: What is MOSDAC?
2025-07-08 16:58:22,412 - INFO - Result 1: 01_mosdac_overview (static) \u2192 MOSDAC Overview - What is MOSDAC?
2025-07-08 19:45:39,201 - INFO - User Query: What is the longitude of INSAT-3DR?
2025-07-08 19:45:39,250 - INFO - Result 1: 13_satellite_insat-3dr_details (static) \u2192 INSAT-3DR: Enhanced Geostationary Meteorological Satellite for Continuity - Mission Overview
2025-07-08 19:46:04,938 - INFO - User Query: What are the payloads of INSAT-3DR?
2025-07-08 19:46:04,965 - INFO - Result 1: 13_satellite_insat-3dr_details (static) \u2192 INSAT-3DR: Enhanced Geostationary Meteorological Satellite for Continuity - Mission Overview
2025-07-08 20:41:34,303 - INFO - User Query: What is MOSDAC?
2025-07-08 20:41:34,456 - INFO - Result 1: 01_mosdac_overview (static) \u2192 MOSDAC Overview - What is MOSDAC?
2025-07-08 20:41:52,390 - INFO - User Query: What is INSAT-3DR
2025-07-08 20:41:52,458 - INFO - Result 1: 13_satellite_insat-3dr_details (static) \u2192 INSAT-3DR: Enhanced Geostationary Meteorological Satellite for Continuity - Mission Overview
2025-07-08 20:46:11,832 - INFO - User Query: Study of Monsoon Onset over Kerala during 2024 using satellite observations
2025-07-08 20:46:11,873 - INFO - Result 1: Onset%20Prediction%202024.pdf (docs) \u2192 full_document
2025-07-08 21:03:55,764 - INFO - User Query: insat_3dr references
2025-07-08 21:03:55,828 - INFO - Result 1: 13_satellite_insat-3dr_details (static) \u2192 INSAT-3DR: Enhanced Geostationary Meteorological Satellite for Continuity - Mission Overview
2025-07-08 21:33:01,002 - INFO - User Query: Tell me about the INSAT-3D mission.
2025-07-08 21:33:01,051 - INFO - Result 1: 12_satellite_insat-3d_details (static) \u2192 INSAT-3D: India's Advanced Geostationary Meteorological Satellite - Mission Overview
2025-07-08 21:33:27,196 - INFO - User Query:  INSAT-3D mission.
2025-07-08 21:33:27,232 - INFO - Result 1: 12_satellite_insat-3d_details (static) \u2192 INSAT-3D: India's Advanced Geostationary Meteorological Satellite - Mission Overview
2025-07-08 21:33:48,932 - INFO - User Query: launch date of INSAT-3D mission
2025-07-08 21:33:48,970 - INFO - Result 1: 12_satellite_insat-3d_details (static) \u2192 INSAT-3D: India's Advanced Geostationary Meteorological Satellite - Mission Overview
2025-07-09 12:36:19,206 - INFO - User Query: What is MOSDAC?
2025-07-09 12:52:03,408 - INFO - User Query: Which instruments are onboard SCATSAT-1?
2025-07-09 12:53:20,565 - INFO - User Query: What satellites are used to monitor sea surface temperature?
2025-07-09 13:33:37,296 - INFO - User Query: Tell me about the INSAT-3D mission.
2025-07-09 13:50:38,123 - INFO - User Query: Tell me about the INSAT-3D mission.
2025-07-09 14:06:53,809 - INFO - User Query: What is MOSDAC?
2025-07-09 14:07:16,350 - INFO - User Query: What is MOSDAC?
2025-07-09 14:07:20,509 - INFO - User Query: What is MOSDAC?
2025-07-09 14:07:21,447 - INFO - User Query: What is MOSDAC?
2025-07-09 14:14:05,649 - INFO - User Query: What is MOSDAC?
2025-07-09 14:20:56,063 - INFO - User Query: Tell me about the INSAT-3D mission.
2025-07-09 14:28:30,073 - INFO - User Query: What is MOSDAC?
2025-07-09 14:29:15,285 - INFO - User Query: Tell me about the INSAT-3D mission.
2025-07-09 14:37:02,690 - INFO - User Query: Tell me about the INSAT-3D mission.
2025-07-09 14:43:08,078 - INFO - User Query: User Guide for data downloading from MOSDAC
2025-07-09 15:03:45,309 - INFO - User Query: Tell me about the Megha-Tropiques satellite.
2025-07-09 15:05:53,860 - INFO - User Query: What is the purpose of the Scatterometer on SCATSAT-1?
2025-07-09 15:06:28,075 - INFO - User Query: What does L2 and L3 data mean in MOSDAC datasets?
2025-07-09 15:07:47,424 - INFO - User Query: Describe the meteorological instruments on INSAT satellites.
2025-07-09 15:08:40,560 - INFO - User Query: Which satellites provide ocean surface temperature data?
2025-07-09 15:13:15,434 - INFO - User Query: Study of Monsoon Onset over Kerala during 2024 using satellite observations
